  [1m[35m (0.3ms)[0m  [1m[35mSET  @@SESSION.sql_mode = CONCAT(CONCAT(@@sql_mode, ',STRICT_ALL_TABLES'), ',NO_AUTO_VALUE_ON_ZERO'),  @@SESSION.wait_timeout = 2147483[0m
  [1m[35m (0.2ms)[0m  [1m[35mSET  @@SESSION.sql_mode = CONCAT(CONCAT(@@sql_mode, ',STRICT_ALL_TABLES'), ',NO_AUTO_VALUE_ON_ZERO'),  @@SESSION.wait_timeout = 2147483[0m
  [1m[35m (1.8ms)[0m  [1m[34mSELECT table_name FROM information_schema.tables WHERE table_schema = database() AND table_name = 'schema_migrations' AND table_name IN (SELECT table_name FROM information_schema.tables WHERE table_schema = database()) AND table_type = 'BASE TABLE'[0m
  [1m[35m (2.2ms)[0m  [1m[34mSELECT table_name FROM information_schema.tables WHERE table_schema = database() AND table_name = 'ar_internal_metadata' AND table_name IN (SELECT table_name FROM information_schema.tables WHERE table_schema = database()) AND table_type = 'BASE TABLE'[0m
  [1m[35m (0.3ms)[0m  [1m[34mSELECT database()[0m
  [1m[35m (0.3ms)[0m  [1m[34mSELECT GET_LOCK('1996451547784008105', 0)[0m
  [1m[35m (1.2ms)[0m  [1m[34mSELECT GET_LOCK('1996451547784008105', 0)[0m
  [1m[35m (0.6ms)[0m  [1m[34mSELECT `schema_migrations`.`version` FROM `schema_migrations` ORDER BY `schema_migrations`.`version` ASC[0m
  [1m[36mActiveRecord::SchemaMigration Load (1.5ms)[0m  [1m[34mSELECT `schema_migrations`.`version` FROM `schema_migrations` ORDER BY `schema_migrations`.`version` ASC[0m
  [1m[35m (0.6ms)[0m  [1m[34mSELECT * FROM `ar_internal_metadata` WHERE `ar_internal_metadata`.`key` = 'environment' ORDER BY `ar_internal_metadata`.`key` ASC LIMIT 1[0m
  [1m[36mActiveRecord::InternalMetadata Load (1.4ms)[0m  [1m[34mSELECT * FROM `ar_internal_metadata` WHERE `ar_internal_metadata`.`key` = 'environment' ORDER BY `ar_internal_metadata`.`key` ASC LIMIT 1[0m
Migrating to CreateColumnOnComments (1)
  [1m[35m (1100.0ms)[0m  [1m[35mALTER TABLE `comments` ADD `some_id_field` bigint DEFAULT NULL[0m
  [1m[35m (23.9ms)[0m  [1m[32mINSERT INTO `schema_migrations` (`version`) VALUES ('1')[0m
  [1m[36mActiveRecord::SchemaMigration Create (25.1ms)[0m  [1m[32mINSERT INTO `schema_migrations` (`version`) VALUES ('1')[0m
Migrating to CreateUniqueIndexOnComments (3)
  [1m[35m (943.7ms)[0m  [1m[35mALTER TABLE `comments` ADD UNIQUE INDEX `index_comments_on_some_id_field` (`some_id_field`)[0m
  [1m[35m (15.2ms)[0m  [1m[32mINSERT INTO `schema_migrations` (`version`) VALUES ('3')[0m
  [1m[36mActiveRecord::SchemaMigration Create (16.6ms)[0m  [1m[32mINSERT INTO `schema_migrations` (`version`) VALUES ('3')[0m
Migrating to DdlStatementOnComments (4)
  [1m[35m (0.8ms)[0m  [1m[34mSELECT RELEASE_LOCK('1996451547784008105')[0m
  [1m[35m (2.5ms)[0m  [1m[34mSELECT RELEASE_LOCK('1996451547784008105')[0m
  [1m[35m (0.3ms)[0m  [1m[35mSET  @@SESSION.sql_mode = CONCAT(CONCAT(@@sql_mode, ',STRICT_ALL_TABLES'), ',NO_AUTO_VALUE_ON_ZERO'),  @@SESSION.wait_timeout = 2147483[0m
  [1m[35m (0.2ms)[0m  [1m[35mSET  @@SESSION.sql_mode = CONCAT(CONCAT(@@sql_mode, ',STRICT_ALL_TABLES'), ',NO_AUTO_VALUE_ON_ZERO'),  @@SESSION.wait_timeout = 2147483[0m
  [1m[35m (2.0ms)[0m  [1m[34mSELECT table_name FROM information_schema.tables WHERE table_schema = database() AND table_name = 'schema_migrations' AND table_name IN (SELECT table_name FROM information_schema.tables WHERE table_schema = database()) AND table_type = 'BASE TABLE'[0m
  [1m[35m (2.2ms)[0m  [1m[34mSELECT table_name FROM information_schema.tables WHERE table_schema = database() AND table_name = 'ar_internal_metadata' AND table_name IN (SELECT table_name FROM information_schema.tables WHERE table_schema = database()) AND table_type = 'BASE TABLE'[0m
  [1m[35m (0.3ms)[0m  [1m[34mSELECT database()[0m
  [1m[35m (0.2ms)[0m  [1m[34mSELECT GET_LOCK('1996451547784008105', 0)[0m
  [1m[35m (1.1ms)[0m  [1m[34mSELECT GET_LOCK('1996451547784008105', 0)[0m
  [1m[35m (0.5ms)[0m  [1m[34mSELECT `schema_migrations`.`version` FROM `schema_migrations` ORDER BY `schema_migrations`.`version` ASC[0m
  [1m[36mActiveRecord::SchemaMigration Load (1.3ms)[0m  [1m[34mSELECT `schema_migrations`.`version` FROM `schema_migrations` ORDER BY `schema_migrations`.`version` ASC[0m
  [1m[35m (0.5ms)[0m  [1m[34mSELECT * FROM `ar_internal_metadata` WHERE `ar_internal_metadata`.`key` = 'environment' ORDER BY `ar_internal_metadata`.`key` ASC LIMIT 1[0m
  [1m[36mActiveRecord::InternalMetadata Load (2.2ms)[0m  [1m[34mSELECT * FROM `ar_internal_metadata` WHERE `ar_internal_metadata`.`key` = 'environment' ORDER BY `ar_internal_metadata`.`key` ASC LIMIT 1[0m
Migrating to DdlStatementOnComments (4)
  [1m[35m (0.7ms)[0m  [1m[34mSELECT RELEASE_LOCK('1996451547784008105')[0m
  [1m[35m (1.8ms)[0m  [1m[34mSELECT RELEASE_LOCK('1996451547784008105')[0m
  [1m[35m (0.2ms)[0m  [1m[35mSET  @@SESSION.sql_mode = CONCAT(CONCAT(@@sql_mode, ',STRICT_ALL_TABLES'), ',NO_AUTO_VALUE_ON_ZERO'),  @@SESSION.wait_timeout = 2147483[0m
  [1m[35m (0.2ms)[0m  [1m[35mSET  @@SESSION.sql_mode = CONCAT(CONCAT(@@sql_mode, ',STRICT_ALL_TABLES'), ',NO_AUTO_VALUE_ON_ZERO'),  @@SESSION.wait_timeout = 2147483[0m
  [1m[35m (2.1ms)[0m  [1m[34mSELECT table_name FROM information_schema.tables WHERE table_schema = database() AND table_name = 'schema_migrations' AND table_name IN (SELECT table_name FROM information_schema.tables WHERE table_schema = database()) AND table_type = 'BASE TABLE'[0m
  [1m[35m (2.0ms)[0m  [1m[34mSELECT table_name FROM information_schema.tables WHERE table_schema = database() AND table_name = 'ar_internal_metadata' AND table_name IN (SELECT table_name FROM information_schema.tables WHERE table_schema = database()) AND table_type = 'BASE TABLE'[0m
  [1m[35m (0.2ms)[0m  [1m[34mSELECT database()[0m
  [1m[35m (0.3ms)[0m  [1m[34mSELECT GET_LOCK('1996451547784008105', 0)[0m
  [1m[35m (1.1ms)[0m  [1m[34mSELECT GET_LOCK('1996451547784008105', 0)[0m
  [1m[35m (0.7ms)[0m  [1m[34mSELECT `schema_migrations`.`version` FROM `schema_migrations` ORDER BY `schema_migrations`.`version` ASC[0m
  [1m[36mActiveRecord::SchemaMigration Load (1.6ms)[0m  [1m[34mSELECT `schema_migrations`.`version` FROM `schema_migrations` ORDER BY `schema_migrations`.`version` ASC[0m
  [1m[35m (0.7ms)[0m  [1m[34mSELECT * FROM `ar_internal_metadata` WHERE `ar_internal_metadata`.`key` = 'environment' ORDER BY `ar_internal_metadata`.`key` ASC LIMIT 1[0m
  [1m[36mActiveRecord::InternalMetadata Load (2.4ms)[0m  [1m[34mSELECT * FROM `ar_internal_metadata` WHERE `ar_internal_metadata`.`key` = 'environment' ORDER BY `ar_internal_metadata`.`key` ASC LIMIT 1[0m
Migrating to DdlStatementOnComments (4)
  [1m[35m (0.6ms)[0m  [1m[34mSELECT RELEASE_LOCK('1996451547784008105')[0m
  [1m[35m (2.5ms)[0m  [1m[34mSELECT RELEASE_LOCK('1996451547784008105')[0m
  [1m[35m (0.3ms)[0m  [1m[35mSET  @@SESSION.sql_mode = CONCAT(CONCAT(@@sql_mode, ',STRICT_ALL_TABLES'), ',NO_AUTO_VALUE_ON_ZERO'),  @@SESSION.wait_timeout = 2147483[0m
  [1m[35m (0.5ms)[0m  [1m[35mSET  @@SESSION.sql_mode = CONCAT(CONCAT(@@sql_mode, ',STRICT_ALL_TABLES'), ',NO_AUTO_VALUE_ON_ZERO'),  @@SESSION.wait_timeout = 2147483[0m
  [1m[35m (2.1ms)[0m  [1m[34mSELECT table_name FROM information_schema.tables WHERE table_schema = database() AND table_name = 'schema_migrations' AND table_name IN (SELECT table_name FROM information_schema.tables WHERE table_schema = database()) AND table_type = 'BASE TABLE'[0m
  [1m[35m (2.0ms)[0m  [1m[34mSELECT table_name FROM information_schema.tables WHERE table_schema = database() AND table_name = 'ar_internal_metadata' AND table_name IN (SELECT table_name FROM information_schema.tables WHERE table_schema = database()) AND table_type = 'BASE TABLE'[0m
  [1m[35m (0.2ms)[0m  [1m[34mSELECT database()[0m
  [1m[35m (0.3ms)[0m  [1m[34mSELECT GET_LOCK('1996451547784008105', 0)[0m
  [1m[35m (1.1ms)[0m  [1m[34mSELECT GET_LOCK('1996451547784008105', 0)[0m
  [1m[35m (0.5ms)[0m  [1m[34mSELECT `schema_migrations`.`version` FROM `schema_migrations` ORDER BY `schema_migrations`.`version` ASC[0m
  [1m[36mActiveRecord::SchemaMigration Load (1.3ms)[0m  [1m[34mSELECT `schema_migrations`.`version` FROM `schema_migrations` ORDER BY `schema_migrations`.`version` ASC[0m
  [1m[35m (0.5ms)[0m  [1m[34mSELECT * FROM `ar_internal_metadata` WHERE `ar_internal_metadata`.`key` = 'environment' ORDER BY `ar_internal_metadata`.`key` ASC LIMIT 1[0m
  [1m[36mActiveRecord::InternalMetadata Load (1.3ms)[0m  [1m[34mSELECT * FROM `ar_internal_metadata` WHERE `ar_internal_metadata`.`key` = 'environment' ORDER BY `ar_internal_metadata`.`key` ASC LIMIT 1[0m
Migrating to DdlStatementOnComments (4)
  [1m[35m (0.6ms)[0m  [1m[34mSELECT RELEASE_LOCK('1996451547784008105')[0m
  [1m[35m (1.6ms)[0m  [1m[34mSELECT RELEASE_LOCK('1996451547784008105')[0m
  [1m[35m (0.5ms)[0m  [1m[35mSET  @@SESSION.sql_mode = CONCAT(CONCAT(@@sql_mode, ',STRICT_ALL_TABLES'), ',NO_AUTO_VALUE_ON_ZERO'),  @@SESSION.wait_timeout = 2147483[0m
  [1m[35m (0.4ms)[0m  [1m[35mSET  @@SESSION.sql_mode = CONCAT(CONCAT(@@sql_mode, ',STRICT_ALL_TABLES'), ',NO_AUTO_VALUE_ON_ZERO'),  @@SESSION.wait_timeout = 2147483[0m
  [1m[35m (2.4ms)[0m  [1m[34mSELECT table_name FROM information_schema.tables WHERE table_schema = database() AND table_name = 'schema_migrations' AND table_name IN (SELECT table_name FROM information_schema.tables WHERE table_schema = database()) AND table_type = 'BASE TABLE'[0m
  [1m[35m (2.0ms)[0m  [1m[34mSELECT table_name FROM information_schema.tables WHERE table_schema = database() AND table_name = 'ar_internal_metadata' AND table_name IN (SELECT table_name FROM information_schema.tables WHERE table_schema = database()) AND table_type = 'BASE TABLE'[0m
  [1m[35m (0.5ms)[0m  [1m[34mSELECT database()[0m
  [1m[35m (0.2ms)[0m  [1m[34mSELECT GET_LOCK('1996451547784008105', 0)[0m
  [1m[35m (0.9ms)[0m  [1m[34mSELECT GET_LOCK('1996451547784008105', 0)[0m
  [1m[35m (0.5ms)[0m  [1m[34mSELECT `schema_migrations`.`version` FROM `schema_migrations` ORDER BY `schema_migrations`.`version` ASC[0m
  [1m[36mActiveRecord::SchemaMigration Load (1.3ms)[0m  [1m[34mSELECT `schema_migrations`.`version` FROM `schema_migrations` ORDER BY `schema_migrations`.`version` ASC[0m
  [1m[35m (0.5ms)[0m  [1m[34mSELECT * FROM `ar_internal_metadata` WHERE `ar_internal_metadata`.`key` = 'environment' ORDER BY `ar_internal_metadata`.`key` ASC LIMIT 1[0m
  [1m[36mActiveRecord::InternalMetadata Load (1.9ms)[0m  [1m[34mSELECT * FROM `ar_internal_metadata` WHERE `ar_internal_metadata`.`key` = 'environment' ORDER BY `ar_internal_metadata`.`key` ASC LIMIT 1[0m
Migrating to DdlStatementOnComments (4)
  [1m[35m (0.3ms)[0m  [1m[34mSELECT RELEASE_LOCK('1996451547784008105')[0m
  [1m[35m (1.5ms)[0m  [1m[34mSELECT RELEASE_LOCK('1996451547784008105')[0m
  [1m[35m (0.5ms)[0m  [1m[35mSET  @@SESSION.sql_mode = CONCAT(CONCAT(@@sql_mode, ',STRICT_ALL_TABLES'), ',NO_AUTO_VALUE_ON_ZERO'),  @@SESSION.wait_timeout = 2147483[0m
  [1m[35m (0.3ms)[0m  [1m[35mSET  @@SESSION.sql_mode = CONCAT(CONCAT(@@sql_mode, ',STRICT_ALL_TABLES'), ',NO_AUTO_VALUE_ON_ZERO'),  @@SESSION.wait_timeout = 2147483[0m
  [1m[35m (2.1ms)[0m  [1m[34mSELECT table_name FROM information_schema.tables WHERE table_schema = database() AND table_name = 'schema_migrations' AND table_name IN (SELECT table_name FROM information_schema.tables WHERE table_schema = database()) AND table_type = 'BASE TABLE'[0m
  [1m[35m (2.1ms)[0m  [1m[34mSELECT table_name FROM information_schema.tables WHERE table_schema = database() AND table_name = 'ar_internal_metadata' AND table_name IN (SELECT table_name FROM information_schema.tables WHERE table_schema = database()) AND table_type = 'BASE TABLE'[0m
  [1m[35m (0.2ms)[0m  [1m[34mSELECT database()[0m
  [1m[35m (0.5ms)[0m  [1m[34mSELECT GET_LOCK('1996451547784008105', 0)[0m
  [1m[35m (2.0ms)[0m  [1m[34mSELECT GET_LOCK('1996451547784008105', 0)[0m
  [1m[35m (0.6ms)[0m  [1m[34mSELECT `schema_migrations`.`version` FROM `schema_migrations` ORDER BY `schema_migrations`.`version` ASC[0m
  [1m[36mActiveRecord::SchemaMigration Load (2.0ms)[0m  [1m[34mSELECT `schema_migrations`.`version` FROM `schema_migrations` ORDER BY `schema_migrations`.`version` ASC[0m
  [1m[35m (0.7ms)[0m  [1m[34mSELECT * FROM `ar_internal_metadata` WHERE `ar_internal_metadata`.`key` = 'environment' ORDER BY `ar_internal_metadata`.`key` ASC LIMIT 1[0m
  [1m[36mActiveRecord::InternalMetadata Load (2.3ms)[0m  [1m[34mSELECT * FROM `ar_internal_metadata` WHERE `ar_internal_metadata`.`key` = 'environment' ORDER BY `ar_internal_metadata`.`key` ASC LIMIT 1[0m
Migrating to DdlStatementOnComments (4)
  [1m[35m (0.5ms)[0m  [1m[34mSELECT RELEASE_LOCK('1996451547784008105')[0m
  [1m[35m (2.0ms)[0m  [1m[34mSELECT RELEASE_LOCK('1996451547784008105')[0m
  [1m[35m (0.3ms)[0m  [1m[35mSET  @@SESSION.sql_mode = CONCAT(CONCAT(@@sql_mode, ',STRICT_ALL_TABLES'), ',NO_AUTO_VALUE_ON_ZERO'),  @@SESSION.wait_timeout = 2147483[0m
  [1m[35m (0.2ms)[0m  [1m[35mSET  @@SESSION.sql_mode = CONCAT(CONCAT(@@sql_mode, ',STRICT_ALL_TABLES'), ',NO_AUTO_VALUE_ON_ZERO'),  @@SESSION.wait_timeout = 2147483[0m
  [1m[35m (2.0ms)[0m  [1m[34mSELECT table_name FROM information_schema.tables WHERE table_schema = database() AND table_name = 'schema_migrations' AND table_name IN (SELECT table_name FROM information_schema.tables WHERE table_schema = database()) AND table_type = 'BASE TABLE'[0m
  [1m[35m (2.2ms)[0m  [1m[34mSELECT table_name FROM information_schema.tables WHERE table_schema = database() AND table_name = 'ar_internal_metadata' AND table_name IN (SELECT table_name FROM information_schema.tables WHERE table_schema = database()) AND table_type = 'BASE TABLE'[0m
  [1m[35m (0.3ms)[0m  [1m[34mSELECT database()[0m
  [1m[35m (0.3ms)[0m  [1m[34mSELECT GET_LOCK('1996451547784008105', 0)[0m
  [1m[35m (1.1ms)[0m  [1m[34mSELECT GET_LOCK('1996451547784008105', 0)[0m
  [1m[35m (0.9ms)[0m  [1m[34mSELECT `schema_migrations`.`version` FROM `schema_migrations` ORDER BY `schema_migrations`.`version` ASC[0m
  [1m[36mActiveRecord::SchemaMigration Load (1.8ms)[0m  [1m[34mSELECT `schema_migrations`.`version` FROM `schema_migrations` ORDER BY `schema_migrations`.`version` ASC[0m
  [1m[35m (0.9ms)[0m  [1m[34mSELECT * FROM `ar_internal_metadata` WHERE `ar_internal_metadata`.`key` = 'environment' ORDER BY `ar_internal_metadata`.`key` ASC LIMIT 1[0m
  [1m[36mActiveRecord::InternalMetadata Load (1.9ms)[0m  [1m[34mSELECT * FROM `ar_internal_metadata` WHERE `ar_internal_metadata`.`key` = 'environment' ORDER BY `ar_internal_metadata`.`key` ASC LIMIT 1[0m
Migrating to DdlStatementOnComments (4)
  [1m[35m (0.5ms)[0m  [1m[34mSELECT RELEASE_LOCK('1996451547784008105')[0m
  [1m[35m (1.9ms)[0m  [1m[34mSELECT RELEASE_LOCK('1996451547784008105')[0m
  [1m[35m (0.3ms)[0m  [1m[35mSET  @@SESSION.sql_mode = CONCAT(CONCAT(@@sql_mode, ',STRICT_ALL_TABLES'), ',NO_AUTO_VALUE_ON_ZERO'),  @@SESSION.wait_timeout = 2147483[0m
  ↳ lib/tasks/audit.rake:6:in `block (2 levels) in <top (required)>'
  [1m[35m (0.3ms)[0m  [1m[35mSET  @@SESSION.sql_mode = CONCAT(CONCAT(@@sql_mode, ',STRICT_ALL_TABLES'), ',NO_AUTO_VALUE_ON_ZERO'),  @@SESSION.wait_timeout = 2147483[0m
  ↳ lib/tasks/audit.rake:6:in `block (2 levels) in <top (required)>'
  [1m[35m (1.8ms)[0m  [1m[35mSHOW TABLES;[0m
  ↳ lib/tasks/audit.rake:6:in `block (2 levels) in <top (required)>'
  [1m[35m (4.6ms)[0m  [1m[35mSHOW TABLES;[0m
  ↳ lib/tasks/audit.rake:6:in `block (2 levels) in <top (required)>'
  [1m[35m (0.3ms)[0m  [1m[35mSET  @@SESSION.sql_mode = CONCAT(CONCAT(@@sql_mode, ',STRICT_ALL_TABLES'), ',NO_AUTO_VALUE_ON_ZERO'),  @@SESSION.wait_timeout = 2147483[0m
  ↳ lib/tasks/audit.rake:6:in `block (2 levels) in <top (required)>'
  [1m[35m (0.6ms)[0m  [1m[35mSET  @@SESSION.sql_mode = CONCAT(CONCAT(@@sql_mode, ',STRICT_ALL_TABLES'), ',NO_AUTO_VALUE_ON_ZERO'),  @@SESSION.wait_timeout = 2147483[0m
  ↳ lib/tasks/audit.rake:6:in `block (2 levels) in <top (required)>'
  [1m[35m (1.8ms)[0m  [1m[35mSHOW TABLES;[0m
  ↳ lib/tasks/audit.rake:6:in `block (2 levels) in <top (required)>'
  [1m[35m (5.8ms)[0m  [1m[35mSHOW TABLES;[0m
  ↳ lib/tasks/audit.rake:6:in `block (2 levels) in <top (required)>'
  [1m[35m (21.8ms)[0m  [1m[35mSHOW INDEXES FROM comments;[0m
  ↳ lib/tasks/audit.rake:10:in `block (2 levels) in <top (required)>'
  [1m[35m (22.7ms)[0m  [1m[35mSHOW INDEXES FROM comments;[0m
  ↳ lib/tasks/audit.rake:10:in `block (2 levels) in <top (required)>'
